{"/Users/paul/code/asa-swim-time-scraper/src/index.js":{"path":"/Users/paul/code/asa-swim-time-scraper/src/index.js","s":{"1":1,"2":1,"3":1,"4":1,"5":1,"6":1,"7":505,"8":0,"9":0,"10":1,"11":2,"12":2,"13":1,"14":2,"15":2,"16":2,"17":1,"18":1,"19":1,"20":1},"b":{"1":[0,505],"2":[1,1]},"f":{"1":1,"2":505,"3":2,"4":2,"5":1,"6":1},"fnMap":{"1":{"name":"(anonymous_1)","line":1,"loc":{"start":{"line":1,"column":1},"end":{"line":1,"column":12}}},"2":{"name":"(anonymous_2)","line":13,"loc":{"start":{"line":13,"column":20},"end":{"line":13,"column":46}}},"3":{"name":"(anonymous_3)","line":35,"loc":{"start":{"line":35,"column":18},"end":{"line":35,"column":38}}},"4":{"name":"(anonymous_4)","line":36,"loc":{"start":{"line":36,"column":31},"end":{"line":36,"column":57}}},"5":{"name":"(anonymous_5)","line":56,"loc":{"start":{"line":56,"column":45},"end":{"line":56,"column":61}}},"6":{"name":"(anonymous_6)","line":62,"loc":{"start":{"line":62,"column":27},"end":{"line":62,"column":43}}}},"statementMap":{"1":{"start":{"line":1,"column":0},"end":{"line":70,"column":5}},"2":{"start":{"line":5,"column":4},"end":{"line":5,"column":39}},"3":{"start":{"line":8,"column":4},"end":{"line":8,"column":28}},"4":{"start":{"line":9,"column":4},"end":{"line":9,"column":52}},"5":{"start":{"line":10,"column":4},"end":{"line":10,"column":54}},"6":{"start":{"line":13,"column":4},"end":{"line":18,"column":6}},"7":{"start":{"line":14,"column":8},"end":{"line":17,"column":9}},"8":{"start":{"line":15,"column":12},"end":{"line":15,"column":62}},"9":{"start":{"line":16,"column":12},"end":{"line":16,"column":43}},"10":{"start":{"line":22,"column":4},"end":{"line":67,"column":6}},"11":{"start":{"line":36,"column":12},"end":{"line":65,"column":15}},"12":{"start":{"line":39,"column":16},"end":{"line":41,"column":17}},"13":{"start":{"line":40,"column":20},"end":{"line":40,"column":52}},"14":{"start":{"line":43,"column":16},"end":{"line":43,"column":63}},"15":{"start":{"line":45,"column":16},"end":{"line":54,"column":35}},"16":{"start":{"line":56,"column":16},"end":{"line":64,"column":23}},"17":{"start":{"line":58,"column":24},"end":{"line":58,"column":80}},"18":{"start":{"line":60,"column":24},"end":{"line":60,"column":39}},"19":{"start":{"line":63,"column":24},"end":{"line":63,"column":73}},"20":{"start":{"line":69,"column":4},"end":{"line":69,"column":29}}},"branchMap":{"1":{"line":14,"type":"if","locations":[{"start":{"line":14,"column":8},"end":{"line":14,"column":8}},{"start":{"line":14,"column":8},"end":{"line":14,"column":8}}]},"2":{"line":39,"type":"if","locations":[{"start":{"line":39,"column":16},"end":{"line":39,"column":16}},{"start":{"line":39,"column":16},"end":{"line":39,"column":16}}]}}},"/Users/paul/code/asa-swim-time-scraper/src/scraper.js":{"path":"/Users/paul/code/asa-swim-time-scraper/src/scraper.js","s":{"1":1,"2":1,"3":1,"4":1,"5":1,"6":1,"7":1,"8":1,"9":1,"10":1,"11":2,"12":2,"13":2,"14":0,"15":2,"16":1,"17":2,"18":2,"19":2,"20":2,"21":2,"22":2,"23":2,"24":2,"25":2,"26":2,"27":2,"28":2,"29":2,"30":24,"31":22,"32":22,"33":22,"34":2,"35":1},"b":{"1":[0,2],"2":[1,1],"3":[1,1],"4":[1,1],"5":[1,1],"6":[1,1],"7":[22,2],"8":[0,22],"9":[21,1],"10":[21,1]},"f":{"1":1,"2":2,"3":2,"4":2},"fnMap":{"1":{"name":"(anonymous_1)","line":1,"loc":{"start":{"line":1,"column":1},"end":{"line":1,"column":12}}},"2":{"name":"scrapeSite","line":18,"loc":{"start":{"line":18,"column":20},"end":{"line":18,"column":45}}},"3":{"name":"(anonymous_3)","line":20,"loc":{"start":{"line":20,"column":31},"end":{"line":20,"column":57}}},"4":{"name":"(anonymous_4)","line":21,"loc":{"start":{"line":21,"column":29},"end":{"line":21,"column":59}}}},"statementMap":{"1":{"start":{"line":1,"column":0},"end":{"line":102,"column":5}},"2":{"start":{"line":4,"column":4},"end":{"line":4,"column":37}},"3":{"start":{"line":5,"column":4},"end":{"line":5,"column":45}},"4":{"start":{"line":6,"column":4},"end":{"line":6,"column":37}},"5":{"start":{"line":7,"column":4},"end":{"line":7,"column":54}},"6":{"start":{"line":10,"column":4},"end":{"line":10,"column":35}},"7":{"start":{"line":11,"column":4},"end":{"line":11,"column":65}},"8":{"start":{"line":13,"column":4},"end":{"line":13,"column":51}},"9":{"start":{"line":14,"column":4},"end":{"line":14,"column":37}},"10":{"start":{"line":16,"column":4},"end":{"line":99,"column":6}},"11":{"start":{"line":20,"column":12},"end":{"line":96,"column":15}},"12":{"start":{"line":21,"column":16},"end":{"line":95,"column":19}},"13":{"start":{"line":22,"column":20},"end":{"line":22,"column":45}},"14":{"start":{"line":22,"column":31},"end":{"line":22,"column":43}},"15":{"start":{"line":23,"column":20},"end":{"line":25,"column":21}},"16":{"start":{"line":24,"column":24},"end":{"line":24,"column":78}},"17":{"start":{"line":26,"column":20},"end":{"line":26,"column":47}},"18":{"start":{"line":27,"column":20},"end":{"line":27,"column":48}},"19":{"start":{"line":29,"column":20},"end":{"line":29,"column":35}},"20":{"start":{"line":31,"column":20},"end":{"line":93,"column":21}},"21":{"start":{"line":33,"column":24},"end":{"line":33,"column":49}},"22":{"start":{"line":36,"column":24},"end":{"line":36,"column":31}},"23":{"start":{"line":37,"column":24},"end":{"line":37,"column":69}},"24":{"start":{"line":42,"column":24},"end":{"line":42,"column":57}},"25":{"start":{"line":43,"column":24},"end":{"line":43,"column":63}},"26":{"start":{"line":44,"column":24},"end":{"line":44,"column":61}},"27":{"start":{"line":45,"column":24},"end":{"line":45,"column":57}},"28":{"start":{"line":46,"column":24},"end":{"line":46,"column":40}},"29":{"start":{"line":48,"column":24},"end":{"line":92,"column":25}},"30":{"start":{"line":50,"column":28},"end":{"line":91,"column":29}},"31":{"start":{"line":53,"column":32},"end":{"line":53,"column":105}},"32":{"start":{"line":60,"column":32},"end":{"line":89,"column":34}},"33":{"start":{"line":90,"column":32},"end":{"line":90,"column":49}},"34":{"start":{"line":94,"column":20},"end":{"line":94,"column":35}},"35":{"start":{"line":100,"column":4},"end":{"line":100,"column":29}}},"branchMap":{"1":{"line":22,"type":"if","locations":[{"start":{"line":22,"column":20},"end":{"line":22,"column":20}},{"start":{"line":22,"column":20},"end":{"line":22,"column":20}}]},"2":{"line":23,"type":"if","locations":[{"start":{"line":23,"column":20},"end":{"line":23,"column":20}},{"start":{"line":23,"column":20},"end":{"line":23,"column":20}}]},"3":{"line":42,"type":"cond-expr","locations":[{"start":{"line":42,"column":45},"end":{"line":42,"column":49}},{"start":{"line":42,"column":52},"end":{"line":42,"column":56}}]},"4":{"line":43,"type":"cond-expr","locations":[{"start":{"line":43,"column":49},"end":{"line":43,"column":54}},{"start":{"line":43,"column":57},"end":{"line":43,"column":62}}]},"5":{"line":44,"type":"cond-expr","locations":[{"start":{"line":44,"column":47},"end":{"line":44,"column":52}},{"start":{"line":44,"column":55},"end":{"line":44,"column":60}}]},"6":{"line":45,"type":"cond-expr","locations":[{"start":{"line":45,"column":45},"end":{"line":45,"column":49}},{"start":{"line":45,"column":52},"end":{"line":45,"column":56}}]},"7":{"line":50,"type":"if","locations":[{"start":{"line":50,"column":28},"end":{"line":50,"column":28}},{"start":{"line":50,"column":28},"end":{"line":50,"column":28}}]},"8":{"line":53,"type":"cond-expr","locations":[{"start":{"line":53,"column":72},"end":{"line":53,"column":82}},{"start":{"line":53,"column":85},"end":{"line":53,"column":104}}]},"9":{"line":71,"type":"cond-expr","locations":[{"start":{"line":71,"column":70},"end":{"line":75,"column":55}},{"start":{"line":75,"column":58},"end":{"line":75,"column":68}}]},"10":{"line":76,"type":"cond-expr","locations":[{"start":{"line":76,"column":82},"end":{"line":80,"column":55}},{"start":{"line":80,"column":58},"end":{"line":80,"column":87}}]}}},"/Users/paul/code/asa-swim-time-scraper/src/strokeList.js":{"path":"/Users/paul/code/asa-swim-time-scraper/src/strokeList.js","s":{"1":1},"b":{},"f":{},"fnMap":{},"statementMap":{"1":{"start":{"line":1,"column":0},"end":{"line":20,"column":2}}},"branchMap":{}}}