{"/Users/paul/Documents/code/asa-swim-time-scraper/src/index.js":{"path":"/Users/paul/Documents/code/asa-swim-time-scraper/src/index.js","s":{"1":1,"2":1,"3":1,"4":1,"5":1,"6":1,"7":571,"8":0,"9":0,"10":1,"11":2,"12":2,"13":1,"14":2,"15":2,"16":2,"17":1,"18":1,"19":1,"20":1},"b":{"1":[0,571],"2":[1,1]},"f":{"1":1,"2":571,"3":2,"4":2,"5":1,"6":1},"fnMap":{"1":{"name":"(anonymous_1)","line":1,"loc":{"start":{"line":1,"column":1},"end":{"line":1,"column":12}}},"2":{"name":"(anonymous_2)","line":12,"loc":{"start":{"line":12,"column":20},"end":{"line":12,"column":46}}},"3":{"name":"(anonymous_3)","line":34,"loc":{"start":{"line":34,"column":18},"end":{"line":34,"column":38}}},"4":{"name":"(anonymous_4)","line":35,"loc":{"start":{"line":35,"column":31},"end":{"line":35,"column":57}}},"5":{"name":"(anonymous_5)","line":55,"loc":{"start":{"line":55,"column":34},"end":{"line":55,"column":50}}},"6":{"name":"(anonymous_6)","line":60,"loc":{"start":{"line":60,"column":27},"end":{"line":60,"column":43}}}},"statementMap":{"1":{"start":{"line":1,"column":0},"end":{"line":68,"column":5}},"2":{"start":{"line":4,"column":4},"end":{"line":4,"column":53}},"3":{"start":{"line":7,"column":4},"end":{"line":7,"column":28}},"4":{"start":{"line":8,"column":4},"end":{"line":8,"column":52}},"5":{"start":{"line":9,"column":4},"end":{"line":9,"column":54}},"6":{"start":{"line":12,"column":4},"end":{"line":17,"column":6}},"7":{"start":{"line":13,"column":8},"end":{"line":16,"column":9}},"8":{"start":{"line":14,"column":12},"end":{"line":14,"column":62}},"9":{"start":{"line":15,"column":12},"end":{"line":15,"column":43}},"10":{"start":{"line":21,"column":4},"end":{"line":65,"column":6}},"11":{"start":{"line":35,"column":12},"end":{"line":63,"column":15}},"12":{"start":{"line":38,"column":16},"end":{"line":40,"column":17}},"13":{"start":{"line":39,"column":20},"end":{"line":39,"column":52}},"14":{"start":{"line":42,"column":16},"end":{"line":42,"column":63}},"15":{"start":{"line":44,"column":16},"end":{"line":53,"column":35}},"16":{"start":{"line":55,"column":16},"end":{"line":62,"column":23}},"17":{"start":{"line":56,"column":24},"end":{"line":56,"column":80}},"18":{"start":{"line":58,"column":24},"end":{"line":58,"column":39}},"19":{"start":{"line":61,"column":24},"end":{"line":61,"column":73}},"20":{"start":{"line":67,"column":4},"end":{"line":67,"column":29}}},"branchMap":{"1":{"line":13,"type":"if","locations":[{"start":{"line":13,"column":8},"end":{"line":13,"column":8}},{"start":{"line":13,"column":8},"end":{"line":13,"column":8}}]},"2":{"line":38,"type":"if","locations":[{"start":{"line":38,"column":16},"end":{"line":38,"column":16}},{"start":{"line":38,"column":16},"end":{"line":38,"column":16}}]}}},"/Users/paul/Documents/code/asa-swim-time-scraper/src/scraper.js":{"path":"/Users/paul/Documents/code/asa-swim-time-scraper/src/scraper.js","s":{"1":1,"2":1,"3":1,"4":1,"5":1,"6":1,"7":1,"8":1,"9":1,"10":1,"11":2,"12":2,"13":2,"14":0,"15":2,"16":1,"17":2,"18":2,"19":2,"20":2,"21":2,"22":2,"23":2,"24":2,"25":2,"26":2,"27":2,"28":2,"29":2,"30":24,"31":22,"32":22,"33":22,"34":22,"35":22,"36":22,"37":2,"38":1},"b":{"1":[0,2],"2":[1,1],"3":[1,1],"4":[1,1],"5":[1,1],"6":[1,1],"7":[22,2],"8":[0,22],"9":[21,1],"10":[21,1]},"f":{"1":1,"2":2,"3":2,"4":2},"fnMap":{"1":{"name":"(anonymous_1)","line":1,"loc":{"start":{"line":1,"column":1},"end":{"line":1,"column":12}}},"2":{"name":"scrapeSite","line":18,"loc":{"start":{"line":18,"column":20},"end":{"line":18,"column":45}}},"3":{"name":"(anonymous_3)","line":19,"loc":{"start":{"line":19,"column":31},"end":{"line":19,"column":57}}},"4":{"name":"(anonymous_4)","line":20,"loc":{"start":{"line":20,"column":29},"end":{"line":20,"column":59}}}},"statementMap":{"1":{"start":{"line":1,"column":0},"end":{"line":101,"column":5}},"2":{"start":{"line":4,"column":4},"end":{"line":4,"column":37}},"3":{"start":{"line":5,"column":4},"end":{"line":5,"column":45}},"4":{"start":{"line":6,"column":4},"end":{"line":6,"column":37}},"5":{"start":{"line":7,"column":4},"end":{"line":7,"column":42}},"6":{"start":{"line":10,"column":4},"end":{"line":10,"column":35}},"7":{"start":{"line":11,"column":4},"end":{"line":11,"column":65}},"8":{"start":{"line":13,"column":4},"end":{"line":13,"column":51}},"9":{"start":{"line":14,"column":4},"end":{"line":14,"column":37}},"10":{"start":{"line":16,"column":4},"end":{"line":98,"column":6}},"11":{"start":{"line":19,"column":12},"end":{"line":95,"column":15}},"12":{"start":{"line":20,"column":16},"end":{"line":94,"column":19}},"13":{"start":{"line":21,"column":20},"end":{"line":21,"column":45}},"14":{"start":{"line":21,"column":31},"end":{"line":21,"column":43}},"15":{"start":{"line":22,"column":20},"end":{"line":24,"column":21}},"16":{"start":{"line":23,"column":24},"end":{"line":23,"column":78}},"17":{"start":{"line":25,"column":20},"end":{"line":25,"column":47}},"18":{"start":{"line":26,"column":20},"end":{"line":26,"column":48}},"19":{"start":{"line":28,"column":20},"end":{"line":28,"column":35}},"20":{"start":{"line":30,"column":20},"end":{"line":92,"column":21}},"21":{"start":{"line":32,"column":24},"end":{"line":32,"column":49}},"22":{"start":{"line":35,"column":24},"end":{"line":35,"column":31}},"23":{"start":{"line":36,"column":24},"end":{"line":36,"column":69}},"24":{"start":{"line":41,"column":24},"end":{"line":41,"column":57}},"25":{"start":{"line":42,"column":24},"end":{"line":42,"column":63}},"26":{"start":{"line":43,"column":24},"end":{"line":43,"column":61}},"27":{"start":{"line":44,"column":24},"end":{"line":44,"column":57}},"28":{"start":{"line":45,"column":24},"end":{"line":45,"column":40}},"29":{"start":{"line":47,"column":24},"end":{"line":91,"column":25}},"30":{"start":{"line":49,"column":28},"end":{"line":90,"column":29}},"31":{"start":{"line":52,"column":32},"end":{"line":52,"column":105}},"32":{"start":{"line":54,"column":32},"end":{"line":54,"column":68}},"33":{"start":{"line":55,"column":32},"end":{"line":55,"column":77}},"34":{"start":{"line":56,"column":32},"end":{"line":56,"column":64}},"35":{"start":{"line":59,"column":32},"end":{"line":88,"column":34}},"36":{"start":{"line":89,"column":32},"end":{"line":89,"column":49}},"37":{"start":{"line":93,"column":20},"end":{"line":93,"column":35}},"38":{"start":{"line":99,"column":4},"end":{"line":99,"column":29}}},"branchMap":{"1":{"line":21,"type":"if","locations":[{"start":{"line":21,"column":20},"end":{"line":21,"column":20}},{"start":{"line":21,"column":20},"end":{"line":21,"column":20}}]},"2":{"line":22,"type":"if","locations":[{"start":{"line":22,"column":20},"end":{"line":22,"column":20}},{"start":{"line":22,"column":20},"end":{"line":22,"column":20}}]},"3":{"line":41,"type":"cond-expr","locations":[{"start":{"line":41,"column":45},"end":{"line":41,"column":49}},{"start":{"line":41,"column":52},"end":{"line":41,"column":56}}]},"4":{"line":42,"type":"cond-expr","locations":[{"start":{"line":42,"column":49},"end":{"line":42,"column":54}},{"start":{"line":42,"column":57},"end":{"line":42,"column":62}}]},"5":{"line":43,"type":"cond-expr","locations":[{"start":{"line":43,"column":47},"end":{"line":43,"column":52}},{"start":{"line":43,"column":55},"end":{"line":43,"column":60}}]},"6":{"line":44,"type":"cond-expr","locations":[{"start":{"line":44,"column":45},"end":{"line":44,"column":49}},{"start":{"line":44,"column":52},"end":{"line":44,"column":56}}]},"7":{"line":49,"type":"if","locations":[{"start":{"line":49,"column":28},"end":{"line":49,"column":28}},{"start":{"line":49,"column":28},"end":{"line":49,"column":28}}]},"8":{"line":52,"type":"cond-expr","locations":[{"start":{"line":52,"column":72},"end":{"line":52,"column":82}},{"start":{"line":52,"column":85},"end":{"line":52,"column":104}}]},"9":{"line":70,"type":"cond-expr","locations":[{"start":{"line":70,"column":70},"end":{"line":74,"column":55}},{"start":{"line":74,"column":58},"end":{"line":74,"column":68}}]},"10":{"line":75,"type":"cond-expr","locations":[{"start":{"line":75,"column":82},"end":{"line":79,"column":55}},{"start":{"line":79,"column":58},"end":{"line":79,"column":87}}]}}},"/Users/paul/Documents/code/asa-swim-time-scraper/src/strokeList.js":{"path":"/Users/paul/Documents/code/asa-swim-time-scraper/src/strokeList.js","s":{"1":1,"2":1},"b":{},"f":{},"fnMap":{},"statementMap":{"1":{"start":{"line":1,"column":0},"end":{"line":20,"column":2}},"2":{"start":{"line":22,"column":0},"end":{"line":22,"column":29}}},"branchMap":{}}}