TN:
SF:/Users/paul/code/asa-swim-time-scraper/src/index.js
FN:1,(anonymous_1)
FN:13,(anonymous_2)
FN:35,(anonymous_3)
FN:36,(anonymous_4)
FN:56,(anonymous_5)
FN:62,(anonymous_6)
FNF:6
FNH:6
FNDA:1,(anonymous_1)
FNDA:505,(anonymous_2)
FNDA:2,(anonymous_3)
FNDA:2,(anonymous_4)
FNDA:1,(anonymous_5)
FNDA:1,(anonymous_6)
DA:1,1
DA:5,1
DA:8,1
DA:9,1
DA:10,1
DA:13,1
DA:14,505
DA:15,0
DA:16,0
DA:22,1
DA:36,2
DA:39,2
DA:40,1
DA:43,2
DA:45,2
DA:56,2
DA:58,1
DA:60,1
DA:63,1
DA:69,1
LF:20
LH:18
BRDA:14,1,0,0
BRDA:14,1,1,505
BRDA:39,2,0,1
BRDA:39,2,1,1
BRF:4
BRH:3
end_of_record
TN:
SF:/Users/paul/code/asa-swim-time-scraper/src/scraper.js
FN:1,(anonymous_1)
FN:18,scrapeSite
FN:20,(anonymous_3)
FN:21,(anonymous_4)
FNF:4
FNH:4
FNDA:1,(anonymous_1)
FNDA:2,scrapeSite
FNDA:2,(anonymous_3)
FNDA:2,(anonymous_4)
DA:1,1
DA:4,1
DA:5,1
DA:6,1
DA:7,1
DA:10,1
DA:11,1
DA:13,1
DA:14,1
DA:16,1
DA:20,2
DA:21,2
DA:22,2
DA:23,2
DA:24,1
DA:26,2
DA:27,2
DA:29,2
DA:31,2
DA:33,2
DA:36,2
DA:37,2
DA:42,2
DA:43,2
DA:44,2
DA:45,2
DA:46,2
DA:48,2
DA:50,24
DA:53,22
DA:60,22
DA:90,22
DA:94,2
DA:100,1
LF:34
LH:34
BRDA:22,1,0,0
BRDA:22,1,1,2
BRDA:23,2,0,1
BRDA:23,2,1,1
BRDA:42,3,0,1
BRDA:42,3,1,1
BRDA:43,4,0,1
BRDA:43,4,1,1
BRDA:44,5,0,1
BRDA:44,5,1,1
BRDA:45,6,0,1
BRDA:45,6,1,1
BRDA:50,7,0,22
BRDA:50,7,1,2
BRDA:53,8,0,0
BRDA:53,8,1,22
BRDA:71,9,0,21
BRDA:71,9,1,1
BRDA:76,10,0,21
BRDA:76,10,1,1
BRF:20
BRH:18
end_of_record
TN:
SF:/Users/paul/code/asa-swim-time-scraper/src/strokeList.js
FNF:0
FNH:0
DA:1,1
LF:1
LH:1
BRF:0
BRH:0
end_of_record
