TN:
SF:/Users/paul/Documents/code/asa-swim-time-scraper/src/index.js
FN:1,(anonymous_1)
FN:12,(anonymous_2)
FN:34,(anonymous_3)
FN:35,(anonymous_4)
FN:55,(anonymous_5)
FN:60,(anonymous_6)
FNF:6
FNH:6
FNDA:1,(anonymous_1)
FNDA:571,(anonymous_2)
FNDA:2,(anonymous_3)
FNDA:2,(anonymous_4)
FNDA:1,(anonymous_5)
FNDA:1,(anonymous_6)
DA:1,1
DA:4,1
DA:7,1
DA:8,1
DA:9,1
DA:12,1
DA:13,571
DA:14,0
DA:15,0
DA:21,1
DA:35,2
DA:38,2
DA:39,1
DA:42,2
DA:44,2
DA:55,2
DA:56,1
DA:58,1
DA:61,1
DA:67,1
LF:20
LH:18
BRDA:13,1,0,0
BRDA:13,1,1,571
BRDA:38,2,0,1
BRDA:38,2,1,1
BRF:4
BRH:3
end_of_record
TN:
SF:/Users/paul/Documents/code/asa-swim-time-scraper/src/scraper.js
FN:1,(anonymous_1)
FN:18,scrapeSite
FN:19,(anonymous_3)
FN:20,(anonymous_4)
FNF:4
FNH:4
FNDA:1,(anonymous_1)
FNDA:2,scrapeSite
FNDA:2,(anonymous_3)
FNDA:2,(anonymous_4)
DA:1,1
DA:4,1
DA:5,1
DA:6,1
DA:7,1
DA:10,1
DA:11,1
DA:13,1
DA:14,1
DA:16,1
DA:19,2
DA:20,2
DA:21,2
DA:22,2
DA:23,1
DA:25,2
DA:26,2
DA:28,2
DA:30,2
DA:32,2
DA:35,2
DA:36,2
DA:41,2
DA:42,2
DA:43,2
DA:44,2
DA:45,2
DA:47,2
DA:49,24
DA:52,22
DA:54,22
DA:55,22
DA:56,22
DA:59,22
DA:89,22
DA:93,2
DA:99,1
LF:37
LH:37
BRDA:21,1,0,0
BRDA:21,1,1,2
BRDA:22,2,0,1
BRDA:22,2,1,1
BRDA:41,3,0,1
BRDA:41,3,1,1
BRDA:42,4,0,1
BRDA:42,4,1,1
BRDA:43,5,0,1
BRDA:43,5,1,1
BRDA:44,6,0,1
BRDA:44,6,1,1
BRDA:49,7,0,22
BRDA:49,7,1,2
BRDA:52,8,0,0
BRDA:52,8,1,22
BRDA:70,9,0,21
BRDA:70,9,1,1
BRDA:75,10,0,21
BRDA:75,10,1,1
BRF:20
BRH:18
end_of_record
TN:
SF:/Users/paul/Documents/code/asa-swim-time-scraper/src/strokeList.js
FNF:0
FNH:0
DA:1,1
DA:22,1
LF:2
LH:2
BRF:0
BRH:0
end_of_record
